\BOOKMARK [0][-]{chapter.1}{\376\377\004\030\004\101\004\102\004\076\004\100\004\070\004\117\000\040\004\077\004\076\004\117\004\062\004\073\004\065\004\075\004\070\004\117\000\040\004\070\004\075\004\102\004\065\004\063\004\100\004\070\004\100\004\076\004\062\004\060\004\075\004\075\004\113\004\105\000\040\004\101\004\100\004\065\004\064\000\040\004\100\004\060\004\067\004\100\004\060\004\061\004\076\004\102\004\072\004\070\000\040\004\037\004\036}{}% 1
\BOOKMARK [0][-]{chapter.2}{\376\377\004\036\004\061\004\067\004\076\004\100\000\040\004\101\004\076\004\062\004\100\004\065\004\074\004\065\004\075\004\075\004\113\004\105\000\040\004\101\004\100\004\065\004\064\000\040\004\100\004\060\004\067\004\100\004\060\004\061\004\076\004\102\004\072\004\070}{}% 2
\BOOKMARK [1][-]{section.2.1}{\376\377\000I\000n\000t\000e\000l\000l\000i\000J\000\040\000I\000d\000e\000a}{chapter.2}% 3
\BOOKMARK [1][-]{section.2.2}{\376\377\000E\000c\000l\000i\000p\000s\000e}{chapter.2}% 4
\BOOKMARK [1][-]{section.2.3}{\376\377\000Q\000t\000\040\000C\000r\000e\000a\000t\000o\000r}{chapter.2}% 5
\BOOKMARK [1][-]{section.2.4}{\376\377\000P\000y\000C\000h\000a\000r\000m}{chapter.2}% 6
\BOOKMARK [1][-]{section.2.5}{\376\377\000J\000u\000p\000y\000t\000e\000r\000\040\000N\000o\000t\000e\000b\000o\000o\000k}{chapter.2}% 7
\BOOKMARK [1][-]{section.2.6}{\376\377\000M\000i\000c\000r\000o\000s\000o\000f\000t\000\040\000V\000i\000s\000u\000a\000l\000\040\000S\000t\000u\000d\000i\000o}{chapter.2}% 8
\BOOKMARK [1][-]{section.2.7}{\376\377\000C\000o\000d\000e\000:\000:\000B\000l\000o\000c\000k\000s}{chapter.2}% 9
\BOOKMARK [1][-]{section.2.8}{\376\377\000K\000D\000e\000v\000e\000l\000o\000p}{chapter.2}% 10
\BOOKMARK [1][-]{section.2.9}{\376\377\000C\000o\000d\000e\000L\000i\000t\000e}{chapter.2}% 11
\BOOKMARK [1][-]{section.2.10}{\376\377\000D\000e\000v\000-\000C\000+\000+}{chapter.2}% 12
\BOOKMARK [1][-]{section.2.11}{\376\377\000B\000l\000u\000e\000J}{chapter.2}% 13
\BOOKMARK [1][-]{section.2.12}{\376\377\000N\000e\000t\000B\000e\000a\000n\000s}{chapter.2}% 14
\BOOKMARK [1][-]{section.2.13}{\376\377\004\041\004\100\004\060\004\062\004\075\004\065\004\075\004\070\004\065\000\040\000I\000D\000E\000\040\004\064\004\073\004\117\000\040\004\117\004\067\004\113\004\072\004\076\004\062\000\040\000C\000/\000C\000+\000+}{chapter.2}% 15
\BOOKMARK [1][-]{section.2.14}{\376\377\004\041\004\100\004\060\004\062\004\075\004\065\004\075\004\070\004\065\000\040\000I\000D\000E\000\040\004\064\004\073\004\117\000\040\000P\000y\000t\000h\000o\000n}{chapter.2}% 16
\BOOKMARK [1][-]{section.2.15}{\376\377\004\041\004\100\004\060\004\062\004\075\004\065\004\075\004\070\004\065\000\040\000I\000D\000E\000\040\004\064\004\073\004\117\000\040\000J\000a\000v\000a}{chapter.2}% 17
\BOOKMARK [1][-]{section.2.16}{\376\377\000V\000i\000m\000\040\004\072\004\060\004\072\000\040\000I\000D\000E}{chapter.2}% 18
\BOOKMARK [2][-]{subsection.2.16.1}{\376\377\004\037\004\100\004\076\004\101\004\074\004\076\004\102\004\100\000\040\004\077\004\100\004\076\004\065\004\072\004\102\004\060\000\040\000/\000\040\004\104\004\060\004\071\004\073\004\076\004\062\004\076\004\063\004\076\000\040\004\064\004\065\004\100\004\065\004\062\004\060}{section.2.16}% 19
\BOOKMARK [2][-]{subsection.2.16.2}{\376\377\004\021\004\103\004\104\004\065\004\100\000\040\000/\000\040\004\077\004\100\004\076\004\101\004\074\004\076\004\102\004\100\000\040\004\104\004\060\004\071\004\073\004\076\004\062}{section.2.16}% 20
\BOOKMARK [2][-]{subsection.2.16.3}{\376\377\004\037\004\100\004\076\004\101\004\074\004\076\004\102\004\100\000\040\004\072\004\076\004\064\004\060}{section.2.16}% 21
\BOOKMARK [2][-]{subsection.2.16.4}{\376\377\004\035\004\060\004\077\004\070\004\101\004\060\004\075\004\070\004\065\000\040\004\072\004\076\004\064\004\060}{section.2.16}% 22
\BOOKMARK [2][-]{subsection.2.16.5}{\376\377\004\044\004\103\004\075\004\072\004\106\004\070\004\076\004\075\004\060\004\073\004\114\004\075\004\076\004\101\004\102\004\114\000\040\000V\000i\000m}{section.2.16}% 23
\BOOKMARK [2][-]{subsection.2.16.6}{\376\377\004\032\004\076\004\074\004\077\004\070\004\073\004\117\004\106\004\070\004\117}{section.2.16}% 24
\BOOKMARK [2][-]{subsection.2.16.7}{\376\377\004\036\004\102\004\073\004\060\004\064\004\072\004\060}{section.2.16}% 25
\BOOKMARK [1][-]{section.2.17}{\376\377\000E\000m\000a\000c\000s}{chapter.2}% 26
\BOOKMARK [1][-]{section.2.18}{\376\377\004\041\004\100\004\060\004\062\004\075\004\065\004\075\004\070\004\065\000\040\000E\000m\000a\000c\000s\000\040\004\070\000\040\000V\000i\000m}{chapter.2}% 27
\BOOKMARK [0][-]{chapter.3}{\376\377\004\035\004\060\004\103\004\107\004\075\004\060\004\117\000\040\004\067\004\060\004\064\004\060\004\107\004\060\000\040\004\062\000\040\004\100\004\060\004\074\004\072\004\060\004\105\000\040\004\101\004\077\004\065\004\106\004\101\004\065\004\074\004\070\004\075\004\060\004\100\004\060}{}% 28
\BOOKMARK [0][-]{section*.7}{\376\377\004\027\004\060\004\072\004\073\004\116\004\107\004\065\004\075\004\070\004\065}{}% 29
\BOOKMARK [0][-]{section*.8}{\376\377\004\041\004\077\004\070\004\101\004\076\004\072\000\040\000\040\004\070\004\101\004\077\004\076\004\073\004\114\004\067\004\076\004\062\004\060\004\075\004\075\004\113\004\105\000\040\000\040\004\070\004\101\004\102\004\076\004\107\004\075\004\070\004\072\004\076\004\062}{}% 30
